<?xml version="1.0" encoding="UTF-8"?>
<testng-results skipped="0" failed="0" total="5" passed="5">
  <reporter-output>
  </reporter-output>
  <suite name="Suite1" duration-ms="726373" started-at="2019-10-12T07:13:29Z" finished-at="2019-10-12T07:25:35Z">
    <groups>
    </groups>
    <test name="Command line test 0389c50b-b1bb-474d-9d96-4aea6fdb0822" duration-ms="726373" started-at="2019-10-12T07:13:29Z" finished-at="2019-10-12T07:25:35Z">
      <class name="org.testing.TestScripts.Test3">
        <test-method status="PASS" signature="Before()[pri:0, instance:org.testing.TestScripts.Test3@64616ca2]" name="Before" is-config="true" duration-ms="29445" started-at="2019-10-12T12:47:36Z" finished-at="2019-10-12T12:48:05Z">
          <reporter-output>
          </reporter-output>
        </test-method> <!-- Before -->
        <test-method status="PASS" signature="TC3()[pri:0, instance:org.testing.TestScripts.Test3@64616ca2]" name="TC3" duration-ms="74968" started-at="2019-10-12T12:48:05Z" finished-at="2019-10-12T12:49:20Z">
          <reporter-output>
          </reporter-output>
        </test-method> <!-- TC3 -->
        <test-method status="PASS" signature="After()[pri:0, instance:org.testing.TestScripts.Test3@64616ca2]" name="After" is-config="true" duration-ms="5337" started-at="2019-10-12T12:49:20Z" finished-at="2019-10-12T12:49:26Z">
          <reporter-output>
          </reporter-output>
        </test-method> <!-- After -->
      </class> <!-- org.testing.TestScripts.Test3 -->
      <class name="org.testing.TestScripts.Test2">
        <test-method status="PASS" signature="Before()[pri:0, instance:org.testing.TestScripts.Test2@3b81a1bc]" name="Before" is-config="true" duration-ms="27401" started-at="2019-10-12T12:46:04Z" finished-at="2019-10-12T12:46:32Z">
          <reporter-output>
          </reporter-output>
        </test-method> <!-- Before -->
        <test-method status="PASS" signature="TC2()[pri:0, instance:org.testing.TestScripts.Test2@3b81a1bc]" name="TC2" duration-ms="58308" started-at="2019-10-12T12:46:32Z" finished-at="2019-10-12T12:47:30Z">
          <reporter-output>
          </reporter-output>
        </test-method> <!-- TC2 -->
        <test-method status="PASS" signature="After()[pri:0, instance:org.testing.TestScripts.Test2@3b81a1bc]" name="After" is-config="true" duration-ms="5821" started-at="2019-10-12T12:47:30Z" finished-at="2019-10-12T12:47:36Z">
          <reporter-output>
          </reporter-output>
        </test-method> <!-- After -->
      </class> <!-- org.testing.TestScripts.Test2 -->
      <class name="org.testing.TestScripts.Test5">
        <test-method status="PASS" signature="Before()[pri:0, instance:org.testing.TestScripts.Test5@4e04a765]" name="Before" is-config="true" duration-ms="51648" started-at="2019-10-12T12:51:23Z" finished-at="2019-10-12T12:52:14Z">
          <reporter-output>
          </reporter-output>
        </test-method> <!-- Before -->
        <test-method status="PASS" signature="TC5()[pri:0, instance:org.testing.TestScripts.Test5@4e04a765]" name="TC5" duration-ms="195103" started-at="2019-10-12T12:52:14Z" finished-at="2019-10-12T12:55:30Z">
          <reporter-output>
          </reporter-output>
        </test-method> <!-- TC5 -->
        <test-method status="PASS" signature="After()[pri:0, instance:org.testing.TestScripts.Test5@4e04a765]" name="After" is-config="true" duration-ms="5735" started-at="2019-10-12T12:55:30Z" finished-at="2019-10-12T12:55:35Z">
          <reporter-output>
          </reporter-output>
        </test-method> <!-- After -->
      </class> <!-- org.testing.TestScripts.Test5 -->
      <class name="org.testing.TestScripts.Test4">
        <test-method status="PASS" signature="Before()[pri:0, instance:org.testing.TestScripts.Test4@13fee20c]" name="Before" is-config="true" duration-ms="20577" started-at="2019-10-12T12:49:26Z" finished-at="2019-10-12T12:49:46Z">
          <reporter-output>
          </reporter-output>
        </test-method> <!-- Before -->
        <test-method status="PASS" signature="TC4()[pri:0, instance:org.testing.TestScripts.Test4@13fee20c]" name="TC4" duration-ms="90998" started-at="2019-10-12T12:49:46Z" finished-at="2019-10-12T12:51:17Z">
          <reporter-output>
          </reporter-output>
        </test-method> <!-- TC4 -->
        <test-method status="PASS" signature="After()[pri:0, instance:org.testing.TestScripts.Test4@13fee20c]" name="After" is-config="true" duration-ms="5587" started-at="2019-10-12T12:51:17Z" finished-at="2019-10-12T12:51:23Z">
          <reporter-output>
          </reporter-output>
        </test-method> <!-- After -->
      </class> <!-- org.testing.TestScripts.Test4 -->
      <class name="org.testing.TestScripts.Test1">
        <test-method status="PASS" signature="Before()[pri:0, instance:org.testing.TestScripts.Test1@380fb434]" name="Before" is-config="true" duration-ms="101093" started-at="2019-10-12T12:43:29Z" finished-at="2019-10-12T12:45:10Z">
          <reporter-output>
          </reporter-output>
        </test-method> <!-- Before -->
        <test-method status="PASS" signature="TC1()[pri:0, instance:org.testing.TestScripts.Test1@380fb434]" name="TC1" duration-ms="48422" started-at="2019-10-12T12:45:10Z" finished-at="2019-10-12T12:45:59Z">
          <reporter-output>
          </reporter-output>
        </test-method> <!-- TC1 -->
        <test-method status="PASS" signature="After()[pri:0, instance:org.testing.TestScripts.Test1@380fb434]" name="After" is-config="true" duration-ms="5644" started-at="2019-10-12T12:45:59Z" finished-at="2019-10-12T12:46:04Z">
          <reporter-output>
          </reporter-output>
        </test-method> <!-- After -->
      </class> <!-- org.testing.TestScripts.Test1 -->
    </test> <!-- Command line test 0389c50b-b1bb-474d-9d96-4aea6fdb0822 -->
  </suite> <!-- Suite1 -->
</testng-results>
