<?xml version="1.0" encoding="UTF-8"?>
<!-- Generated by org.testng.reporters.JUnitXMLReporter -->
<testsuite hostname="DESKTOP-IKMS51V" name="Command line test 0389c50b-b1bb-474d-9d96-4aea6fdb0822" tests="5" failures="0" timestamp="12 Oct 2019 07:25:42 GMT" time="726.373" errors="0">
  <testcase name="TC1" time="48.422" classname="org.testing.TestScripts.Test1"/>
  <testcase name="TC2" time="58.308" classname="org.testing.TestScripts.Test2"/>
  <testcase name="TC3" time="74.968" classname="org.testing.TestScripts.Test3"/>
  <testcase name="TC4" time="90.998" classname="org.testing.TestScripts.Test4"/>
  <testcase name="TC5" time="195.103" classname="org.testing.TestScripts.Test5"/>
</testsuite> <!-- Command line test 0389c50b-b1bb-474d-9d96-4aea6fdb0822 -->
